CRITICAL - 2025-03-29 01:06:45 --> Error: Object of class CodeIgniter\HTTP\Response could not be converted to string
[Method: GET, Route: menu]
in SYSTEMPATH\Database\Query.php on line 337.
 1 SYSTEMPATH\Database\Query.php(337): strtr('SELECT COUNT(*) AS `numrows`
FROM `cart`
WHERE `customer_name` = :customer_name:
AND DATE(cCreated_at) = :DATE(cCreated_at):', [...])
 2 SYSTEMPATH\Database\Query.php(312): CodeIgniter\Database\Query->matchNamedBinds('SELECT COUNT(*) AS `numrows`
FROM `cart`
WHERE `customer_name` = :customer_name:
AND DATE(cCreated_at) = :DATE(cCreated_at):', [...])
 3 SYSTEMPATH\Database\Query.php(163): CodeIgniter\Database\Query->compileBinds()
 4 SYSTEMPATH\Database\BaseConnection.php(652): CodeIgniter\Database\Query->getQuery()
 5 SYSTEMPATH\Database\BaseBuilder.php(1733): CodeIgniter\Database\BaseConnection->query('SELECT COUNT(*) AS `numrows`
FROM `cart`
WHERE `customer_name` = :customer_name:
AND DATE(cCreated_at) = :DATE(cCreated_at):', [...], false)
 6 SYSTEMPATH\Model.php(676): CodeIgniter\Database\BaseBuilder->countAllResults(true)
 7 APPPATH\Controllers\Menu.php(46): CodeIgniter\Model->countAllResults()
 8 SYSTEMPATH\CodeIgniter.php(933): App\Controllers\Menu->index()
 9 SYSTEMPATH\CodeIgniter.php(507): CodeIgniter\CodeIgniter->runController(Object(App\Controllers\Menu))
10 SYSTEMPATH\CodeIgniter.php(354): CodeIgniter\CodeIgniter->handleRequest(null, Object(Config\Cache), false)
11 SYSTEMPATH\Boot.php(334): CodeIgniter\CodeIgniter->run()
12 SYSTEMPATH\Boot.php(67): CodeIgniter\Boot::runCodeIgniter(Object(CodeIgniter\CodeIgniter))
13 FCPATH\index.php(56): CodeIgniter\Boot::bootWeb(Object(Config\Paths))
CRITICAL - 2025-03-29 01:07:02 --> Error: Object of class CodeIgniter\HTTP\Response could not be converted to string
[Method: GET, Route: menu]
in SYSTEMPATH\Database\Query.php on line 337.
 1 SYSTEMPATH\Database\Query.php(337): strtr('SELECT COUNT(*) AS `numrows`
FROM `cart`
WHERE `customer_name` = :customer_name:
AND DATE(cCreated_at) = :DATE(cCreated_at):', [...])
 2 SYSTEMPATH\Database\Query.php(312): CodeIgniter\Database\Query->matchNamedBinds('SELECT COUNT(*) AS `numrows`
FROM `cart`
WHERE `customer_name` = :customer_name:
AND DATE(cCreated_at) = :DATE(cCreated_at):', [...])
 3 SYSTEMPATH\Database\Query.php(163): CodeIgniter\Database\Query->compileBinds()
 4 SYSTEMPATH\Database\BaseConnection.php(652): CodeIgniter\Database\Query->getQuery()
 5 SYSTEMPATH\Database\BaseBuilder.php(1733): CodeIgniter\Database\BaseConnection->query('SELECT COUNT(*) AS `numrows`
FROM `cart`
WHERE `customer_name` = :customer_name:
AND DATE(cCreated_at) = :DATE(cCreated_at):', [...], false)
 6 SYSTEMPATH\Model.php(676): CodeIgniter\Database\BaseBuilder->countAllResults(true)
 7 APPPATH\Controllers\Menu.php(46): CodeIgniter\Model->countAllResults()
 8 SYSTEMPATH\CodeIgniter.php(933): App\Controllers\Menu->index()
 9 SYSTEMPATH\CodeIgniter.php(507): CodeIgniter\CodeIgniter->runController(Object(App\Controllers\Menu))
10 SYSTEMPATH\CodeIgniter.php(354): CodeIgniter\CodeIgniter->handleRequest(null, Object(Config\Cache), false)
11 SYSTEMPATH\Boot.php(334): CodeIgniter\CodeIgniter->run()
12 SYSTEMPATH\Boot.php(67): CodeIgniter\Boot::runCodeIgniter(Object(CodeIgniter\CodeIgniter))
13 FCPATH\index.php(56): CodeIgniter\Boot::bootWeb(Object(Config\Paths))
CRITICAL - 2025-03-29 01:07:02 --> Error: Object of class CodeIgniter\HTTP\Response could not be converted to string
[Method: GET, Route: menu]
in SYSTEMPATH\Database\Query.php on line 337.
 1 SYSTEMPATH\Database\Query.php(337): strtr('SELECT COUNT(*) AS `numrows`
FROM `cart`
WHERE `customer_name` = :customer_name:
AND DATE(cCreated_at) = :DATE(cCreated_at):', [...])
 2 SYSTEMPATH\Database\Query.php(312): CodeIgniter\Database\Query->matchNamedBinds('SELECT COUNT(*) AS `numrows`
FROM `cart`
WHERE `customer_name` = :customer_name:
AND DATE(cCreated_at) = :DATE(cCreated_at):', [...])
 3 SYSTEMPATH\Database\Query.php(163): CodeIgniter\Database\Query->compileBinds()
 4 SYSTEMPATH\Database\BaseConnection.php(652): CodeIgniter\Database\Query->getQuery()
 5 SYSTEMPATH\Database\BaseBuilder.php(1733): CodeIgniter\Database\BaseConnection->query('SELECT COUNT(*) AS `numrows`
FROM `cart`
WHERE `customer_name` = :customer_name:
AND DATE(cCreated_at) = :DATE(cCreated_at):', [...], false)
 6 SYSTEMPATH\Model.php(676): CodeIgniter\Database\BaseBuilder->countAllResults(true)
 7 APPPATH\Controllers\Menu.php(46): CodeIgniter\Model->countAllResults()
 8 SYSTEMPATH\CodeIgniter.php(933): App\Controllers\Menu->index()
 9 SYSTEMPATH\CodeIgniter.php(507): CodeIgniter\CodeIgniter->runController(Object(App\Controllers\Menu))
10 SYSTEMPATH\CodeIgniter.php(354): CodeIgniter\CodeIgniter->handleRequest(null, Object(Config\Cache), false)
11 SYSTEMPATH\Boot.php(334): CodeIgniter\CodeIgniter->run()
12 SYSTEMPATH\Boot.php(67): CodeIgniter\Boot::runCodeIgniter(Object(CodeIgniter\CodeIgniter))
13 FCPATH\index.php(56): CodeIgniter\Boot::bootWeb(Object(Config\Paths))
CRITICAL - 2025-03-29 21:23:01 --> Error: Object of class CodeIgniter\HTTP\Response could not be converted to string
[Method: GET, Route: menu]
in SYSTEMPATH\Database\Query.php on line 337.
 1 SYSTEMPATH\Database\Query.php(337): strtr('SELECT COUNT(*) AS `numrows`
FROM `cart`
WHERE `customer_name` = :customer_name:
AND DATE(cCreated_at) = :DATE(cCreated_at):', [...])
 2 SYSTEMPATH\Database\Query.php(312): CodeIgniter\Database\Query->matchNamedBinds('SELECT COUNT(*) AS `numrows`
FROM `cart`
WHERE `customer_name` = :customer_name:
AND DATE(cCreated_at) = :DATE(cCreated_at):', [...])
 3 SYSTEMPATH\Database\Query.php(163): CodeIgniter\Database\Query->compileBinds()
 4 SYSTEMPATH\Database\BaseConnection.php(652): CodeIgniter\Database\Query->getQuery()
 5 SYSTEMPATH\Database\BaseBuilder.php(1733): CodeIgniter\Database\BaseConnection->query('SELECT COUNT(*) AS `numrows`
FROM `cart`
WHERE `customer_name` = :customer_name:
AND DATE(cCreated_at) = :DATE(cCreated_at):', [...], false)
 6 SYSTEMPATH\Model.php(676): CodeIgniter\Database\BaseBuilder->countAllResults(true)
 7 APPPATH\Controllers\Menu.php(42): CodeIgniter\Model->countAllResults()
 8 SYSTEMPATH\CodeIgniter.php(933): App\Controllers\Menu->index()
 9 SYSTEMPATH\CodeIgniter.php(507): CodeIgniter\CodeIgniter->runController(Object(App\Controllers\Menu))
10 SYSTEMPATH\CodeIgniter.php(354): CodeIgniter\CodeIgniter->handleRequest(null, Object(Config\Cache), false)
11 SYSTEMPATH\Boot.php(334): CodeIgniter\CodeIgniter->run()
12 SYSTEMPATH\Boot.php(67): CodeIgniter\Boot::runCodeIgniter(Object(CodeIgniter\CodeIgniter))
13 FCPATH\index.php(56): CodeIgniter\Boot::bootWeb(Object(Config\Paths))
