CRITICAL - 2025-03-11 14:46:05 --> ErrorException: Undefined array key "oId"
[Method: GET, Route: admin/orders]
in APPPATH\Views\admin\orders.php on line 26.
 1 APPPATH\Views\admin\orders.php(26): CodeIgniter\Debug\Exceptions->errorHandler(2, 'Undefined array key "oId"', 'C:\\xampp\\htdocs\\ci4\\app\\Views\\admin\\orders.php', 26)
 2 SYSTEMPATH\View\View.php(224): include('C:\\xampp\\htdocs\\ci4\\app\\Views\\admin\\orders.php')
 3 SYSTEMPATH\View\View.php(227): CodeIgniter\View\View->CodeIgniter\View\{closure}()
 4 SYSTEMPATH\Common.php(1173): CodeIgniter\View\View->render('/admin/orders', [], true)
 5 APPPATH\Controllers\Admin.php(57): view('/admin/orders', [...])
 6 SYSTEMPATH\CodeIgniter.php(933): App\Controllers\Admin->getOrders()
 7 SYSTEMPATH\CodeIgniter.php(507): CodeIgniter\CodeIgniter->runController(Object(App\Controllers\Admin))
 8 SYSTEMPATH\CodeIgniter.php(354): CodeIgniter\CodeIgniter->handleRequest(null, Object(Config\Cache), false)
 9 SYSTEMPATH\Boot.php(334): CodeIgniter\CodeIgniter->run()
10 SYSTEMPATH\Boot.php(67): CodeIgniter\Boot::runCodeIgniter(Object(CodeIgniter\CodeIgniter))
11 FCPATH\index.php(56): CodeIgniter\Boot::bootWeb(Object(Config\Paths))
CRITICAL - 2025-03-11 14:46:36 --> ErrorException: Undefined array key "old"
[Method: GET, Route: admin/orders]
in APPPATH\Views\admin\orders.php on line 26.
 1 APPPATH\Views\admin\orders.php(26): CodeIgniter\Debug\Exceptions->errorHandler(2, 'Undefined array key "old"', 'C:\\xampp\\htdocs\\ci4\\app\\Views\\admin\\orders.php', 26)
 2 SYSTEMPATH\View\View.php(224): include('C:\\xampp\\htdocs\\ci4\\app\\Views\\admin\\orders.php')
 3 SYSTEMPATH\View\View.php(227): CodeIgniter\View\View->CodeIgniter\View\{closure}()
 4 SYSTEMPATH\Common.php(1173): CodeIgniter\View\View->render('/admin/orders', [], true)
 5 APPPATH\Controllers\Admin.php(57): view('/admin/orders', [...])
 6 SYSTEMPATH\CodeIgniter.php(933): App\Controllers\Admin->getOrders()
 7 SYSTEMPATH\CodeIgniter.php(507): CodeIgniter\CodeIgniter->runController(Object(App\Controllers\Admin))
 8 SYSTEMPATH\CodeIgniter.php(354): CodeIgniter\CodeIgniter->handleRequest(null, Object(Config\Cache), false)
 9 SYSTEMPATH\Boot.php(334): CodeIgniter\CodeIgniter->run()
10 SYSTEMPATH\Boot.php(67): CodeIgniter\Boot::runCodeIgniter(Object(CodeIgniter\CodeIgniter))
11 FCPATH\index.php(56): CodeIgniter\Boot::bootWeb(Object(Config\Paths))
CRITICAL - 2025-03-11 14:46:40 --> ErrorException: Undefined array key "oId"
[Method: GET, Route: admin/orders]
in APPPATH\Views\admin\orders.php on line 26.
 1 APPPATH\Views\admin\orders.php(26): CodeIgniter\Debug\Exceptions->errorHandler(2, 'Undefined array key "oId"', 'C:\\xampp\\htdocs\\ci4\\app\\Views\\admin\\orders.php', 26)
 2 SYSTEMPATH\View\View.php(224): include('C:\\xampp\\htdocs\\ci4\\app\\Views\\admin\\orders.php')
 3 SYSTEMPATH\View\View.php(227): CodeIgniter\View\View->CodeIgniter\View\{closure}()
 4 SYSTEMPATH\Common.php(1173): CodeIgniter\View\View->render('/admin/orders', [], true)
 5 APPPATH\Controllers\Admin.php(57): view('/admin/orders', [...])
 6 SYSTEMPATH\CodeIgniter.php(933): App\Controllers\Admin->getOrders()
 7 SYSTEMPATH\CodeIgniter.php(507): CodeIgniter\CodeIgniter->runController(Object(App\Controllers\Admin))
 8 SYSTEMPATH\CodeIgniter.php(354): CodeIgniter\CodeIgniter->handleRequest(null, Object(Config\Cache), false)
 9 SYSTEMPATH\Boot.php(334): CodeIgniter\CodeIgniter->run()
10 SYSTEMPATH\Boot.php(67): CodeIgniter\Boot::runCodeIgniter(Object(CodeIgniter\CodeIgniter))
11 FCPATH\index.php(56): CodeIgniter\Boot::bootWeb(Object(Config\Paths))
CRITICAL - 2025-03-11 14:47:24 --> ErrorException: Undefined array key "oId"
[Method: GET, Route: admin/orders]
in APPPATH\Views\admin\orders.php on line 26.
 1 APPPATH\Views\admin\orders.php(26): CodeIgniter\Debug\Exceptions->errorHandler(2, 'Undefined array key "oId"', 'C:\\xampp\\htdocs\\ci4\\app\\Views\\admin\\orders.php', 26)
 2 SYSTEMPATH\View\View.php(224): include('C:\\xampp\\htdocs\\ci4\\app\\Views\\admin\\orders.php')
 3 SYSTEMPATH\View\View.php(227): CodeIgniter\View\View->CodeIgniter\View\{closure}()
 4 SYSTEMPATH\Common.php(1173): CodeIgniter\View\View->render('/admin/orders', [], true)
 5 APPPATH\Controllers\Admin.php(57): view('/admin/orders', [...])
 6 SYSTEMPATH\CodeIgniter.php(933): App\Controllers\Admin->getOrders()
 7 SYSTEMPATH\CodeIgniter.php(507): CodeIgniter\CodeIgniter->runController(Object(App\Controllers\Admin))
 8 SYSTEMPATH\CodeIgniter.php(354): CodeIgniter\CodeIgniter->handleRequest(null, Object(Config\Cache), false)
 9 SYSTEMPATH\Boot.php(334): CodeIgniter\CodeIgniter->run()
10 SYSTEMPATH\Boot.php(67): CodeIgniter\Boot::runCodeIgniter(Object(CodeIgniter\CodeIgniter))
11 FCPATH\index.php(56): CodeIgniter\Boot::bootWeb(Object(Config\Paths))
CRITICAL - 2025-03-11 14:47:24 --> ErrorException: Undefined array key "oId"
[Method: GET, Route: admin/orders]
in APPPATH\Views\admin\orders.php on line 26.
 1 APPPATH\Views\admin\orders.php(26): CodeIgniter\Debug\Exceptions->errorHandler(2, 'Undefined array key "oId"', 'C:\\xampp\\htdocs\\ci4\\app\\Views\\admin\\orders.php', 26)
 2 SYSTEMPATH\View\View.php(224): include('C:\\xampp\\htdocs\\ci4\\app\\Views\\admin\\orders.php')
 3 SYSTEMPATH\View\View.php(227): CodeIgniter\View\View->CodeIgniter\View\{closure}()
 4 SYSTEMPATH\Common.php(1173): CodeIgniter\View\View->render('/admin/orders', [], true)
 5 APPPATH\Controllers\Admin.php(57): view('/admin/orders', [...])
 6 SYSTEMPATH\CodeIgniter.php(933): App\Controllers\Admin->getOrders()
 7 SYSTEMPATH\CodeIgniter.php(507): CodeIgniter\CodeIgniter->runController(Object(App\Controllers\Admin))
 8 SYSTEMPATH\CodeIgniter.php(354): CodeIgniter\CodeIgniter->handleRequest(null, Object(Config\Cache), false)
 9 SYSTEMPATH\Boot.php(334): CodeIgniter\CodeIgniter->run()
10 SYSTEMPATH\Boot.php(67): CodeIgniter\Boot::runCodeIgniter(Object(CodeIgniter\CodeIgniter))
11 FCPATH\index.php(56): CodeIgniter\Boot::bootWeb(Object(Config\Paths))
CRITICAL - 2025-03-11 14:47:55 --> ErrorException: Undefined array key "oCreated_at"
[Method: GET, Route: admin/orders]
in APPPATH\Views\admin\orders.php on line 27.
 1 APPPATH\Views\admin\orders.php(27): CodeIgniter\Debug\Exceptions->errorHandler(2, 'Undefined array key "oCreated_at"', 'C:\\xampp\\htdocs\\ci4\\app\\Views\\admin\\orders.php', 27)
 2 SYSTEMPATH\View\View.php(224): include('C:\\xampp\\htdocs\\ci4\\app\\Views\\admin\\orders.php')
 3 SYSTEMPATH\View\View.php(227): CodeIgniter\View\View->CodeIgniter\View\{closure}()
 4 SYSTEMPATH\Common.php(1173): CodeIgniter\View\View->render('/admin/orders', [], true)
 5 APPPATH\Controllers\Admin.php(57): view('/admin/orders', [...])
 6 SYSTEMPATH\CodeIgniter.php(933): App\Controllers\Admin->getOrders()
 7 SYSTEMPATH\CodeIgniter.php(507): CodeIgniter\CodeIgniter->runController(Object(App\Controllers\Admin))
 8 SYSTEMPATH\CodeIgniter.php(354): CodeIgniter\CodeIgniter->handleRequest(null, Object(Config\Cache), false)
 9 SYSTEMPATH\Boot.php(334): CodeIgniter\CodeIgniter->run()
10 SYSTEMPATH\Boot.php(67): CodeIgniter\Boot::runCodeIgniter(Object(CodeIgniter\CodeIgniter))
11 FCPATH\index.php(56): CodeIgniter\Boot::bootWeb(Object(Config\Paths))
CRITICAL - 2025-03-11 14:48:19 --> ErrorException: Undefined array key "ooId"
[Method: GET, Route: admin/orders]
in APPPATH\Views\admin\orders.php on line 26.
 1 APPPATH\Views\admin\orders.php(26): CodeIgniter\Debug\Exceptions->errorHandler(2, 'Undefined array key "ooId"', 'C:\\xampp\\htdocs\\ci4\\app\\Views\\admin\\orders.php', 26)
 2 SYSTEMPATH\View\View.php(224): include('C:\\xampp\\htdocs\\ci4\\app\\Views\\admin\\orders.php')
 3 SYSTEMPATH\View\View.php(227): CodeIgniter\View\View->CodeIgniter\View\{closure}()
 4 SYSTEMPATH\Common.php(1173): CodeIgniter\View\View->render('/admin/orders', [], true)
 5 APPPATH\Controllers\Admin.php(57): view('/admin/orders', [...])
 6 SYSTEMPATH\CodeIgniter.php(933): App\Controllers\Admin->getOrders()
 7 SYSTEMPATH\CodeIgniter.php(507): CodeIgniter\CodeIgniter->runController(Object(App\Controllers\Admin))
 8 SYSTEMPATH\CodeIgniter.php(354): CodeIgniter\CodeIgniter->handleRequest(null, Object(Config\Cache), false)
 9 SYSTEMPATH\Boot.php(334): CodeIgniter\CodeIgniter->run()
10 SYSTEMPATH\Boot.php(67): CodeIgniter\Boot::runCodeIgniter(Object(CodeIgniter\CodeIgniter))
11 FCPATH\index.php(56): CodeIgniter\Boot::bootWeb(Object(Config\Paths))
CRITICAL - 2025-03-11 15:24:21 --> ErrorException: Undefined array key "oId"
[Method: GET, Route: admin/orders]
in APPPATH\Controllers\Admin.php on line 59.
 1 APPPATH\Controllers\Admin.php(59): CodeIgniter\Debug\Exceptions->errorHandler(2, 'Undefined array key "oId"', 'C:\\xampp\\htdocs\\ci4\\app\\Controllers\\Admin.php', 59)
 2 SYSTEMPATH\CodeIgniter.php(933): App\Controllers\Admin->getOrders()
 3 SYSTEMPATH\CodeIgniter.php(507): CodeIgniter\CodeIgniter->runController(Object(App\Controllers\Admin))
 4 SYSTEMPATH\CodeIgniter.php(354): CodeIgniter\CodeIgniter->handleRequest(null, Object(Config\Cache), false)
 5 SYSTEMPATH\Boot.php(334): CodeIgniter\CodeIgniter->run()
 6 SYSTEMPATH\Boot.php(67): CodeIgniter\Boot::runCodeIgniter(Object(CodeIgniter\CodeIgniter))
 7 FCPATH\index.php(56): CodeIgniter\Boot::bootWeb(Object(Config\Paths))
CRITICAL - 2025-03-11 15:25:04 --> ErrorException: Undefined array key "oId"
[Method: GET, Route: admin/orders]
in APPPATH\Controllers\Admin.php on line 59.
 1 APPPATH\Controllers\Admin.php(59): CodeIgniter\Debug\Exceptions->errorHandler(2, 'Undefined array key "oId"', 'C:\\xampp\\htdocs\\ci4\\app\\Controllers\\Admin.php', 59)
 2 SYSTEMPATH\CodeIgniter.php(933): App\Controllers\Admin->getOrders()
 3 SYSTEMPATH\CodeIgniter.php(507): CodeIgniter\CodeIgniter->runController(Object(App\Controllers\Admin))
 4 SYSTEMPATH\CodeIgniter.php(354): CodeIgniter\CodeIgniter->handleRequest(null, Object(Config\Cache), false)
 5 SYSTEMPATH\Boot.php(334): CodeIgniter\CodeIgniter->run()
 6 SYSTEMPATH\Boot.php(67): CodeIgniter\Boot::runCodeIgniter(Object(CodeIgniter\CodeIgniter))
 7 FCPATH\index.php(56): CodeIgniter\Boot::bootWeb(Object(Config\Paths))
CRITICAL - 2025-03-11 15:25:06 --> ErrorException: Undefined array key "oId"
[Method: GET, Route: admin/orders]
in APPPATH\Controllers\Admin.php on line 59.
 1 APPPATH\Controllers\Admin.php(59): CodeIgniter\Debug\Exceptions->errorHandler(2, 'Undefined array key "oId"', 'C:\\xampp\\htdocs\\ci4\\app\\Controllers\\Admin.php', 59)
 2 SYSTEMPATH\CodeIgniter.php(933): App\Controllers\Admin->getOrders()
 3 SYSTEMPATH\CodeIgniter.php(507): CodeIgniter\CodeIgniter->runController(Object(App\Controllers\Admin))
 4 SYSTEMPATH\CodeIgniter.php(354): CodeIgniter\CodeIgniter->handleRequest(null, Object(Config\Cache), false)
 5 SYSTEMPATH\Boot.php(334): CodeIgniter\CodeIgniter->run()
 6 SYSTEMPATH\Boot.php(67): CodeIgniter\Boot::runCodeIgniter(Object(CodeIgniter\CodeIgniter))
 7 FCPATH\index.php(56): CodeIgniter\Boot::bootWeb(Object(Config\Paths))
CRITICAL - 2025-03-11 15:25:14 --> ErrorException: Undefined array key "oId"
[Method: GET, Route: admin/orders]
in APPPATH\Controllers\Admin.php on line 59.
 1 APPPATH\Controllers\Admin.php(59): CodeIgniter\Debug\Exceptions->errorHandler(2, 'Undefined array key "oId"', 'C:\\xampp\\htdocs\\ci4\\app\\Controllers\\Admin.php', 59)
 2 SYSTEMPATH\CodeIgniter.php(933): App\Controllers\Admin->getOrders()
 3 SYSTEMPATH\CodeIgniter.php(507): CodeIgniter\CodeIgniter->runController(Object(App\Controllers\Admin))
 4 SYSTEMPATH\CodeIgniter.php(354): CodeIgniter\CodeIgniter->handleRequest(null, Object(Config\Cache), false)
 5 SYSTEMPATH\Boot.php(334): CodeIgniter\CodeIgniter->run()
 6 SYSTEMPATH\Boot.php(67): CodeIgniter\Boot::runCodeIgniter(Object(CodeIgniter\CodeIgniter))
 7 FCPATH\index.php(56): CodeIgniter\Boot::bootWeb(Object(Config\Paths))
ERROR - 2025-03-11 15:25:21 --> mysqli_sql_exception: Illegal parameter data types int and row for operation '=' in C:\xampp\htdocs\ci4\system\Database\MySQLi\Connection.php:327
Stack trace:
#0 C:\xampp\htdocs\ci4\system\Database\MySQLi\Connection.php(327): mysqli->query('SELECT *\nFROM `...', 0)
#1 C:\xampp\htdocs\ci4\system\Database\BaseConnection.php(738): CodeIgniter\Database\MySQLi\Connection->execute('SELECT *\nFROM `...')
#2 C:\xampp\htdocs\ci4\system\Database\BaseConnection.php(652): CodeIgniter\Database\BaseConnection->simpleQuery('SELECT *\nFROM `...')
#3 C:\xampp\htdocs\ci4\system\Database\BaseBuilder.php(1649): CodeIgniter\Database\BaseConnection->query('SELECT *\nFROM `...', Array, false)
#4 C:\xampp\htdocs\ci4\system\Model.php(286): CodeIgniter\Database\BaseBuilder->get()
#5 C:\xampp\htdocs\ci4\system\BaseModel.php(675): CodeIgniter\Model->doFindAll(0, 0)
#6 C:\xampp\htdocs\ci4\app\Controllers\Admin.php(60): CodeIgniter\BaseModel->findAll()
#7 C:\xampp\htdocs\ci4\system\CodeIgniter.php(933): App\Controllers\Admin->getOrders()
#8 C:\xampp\htdocs\ci4\system\CodeIgniter.php(507): CodeIgniter\CodeIgniter->runController(Object(App\Controllers\Admin))
#9 C:\xampp\htdocs\ci4\system\CodeIgniter.php(354): CodeIgniter\CodeIgniter->handleRequest(NULL, Object(Config\Cache), false)
#10 C:\xampp\htdocs\ci4\system\Boot.php(334): CodeIgniter\CodeIgniter->run()
#11 C:\xampp\htdocs\ci4\system\Boot.php(67): CodeIgniter\Boot::runCodeIgniter(Object(CodeIgniter\CodeIgniter))
#12 C:\xampp\htdocs\ci4\public\index.php(56): CodeIgniter\Boot::bootWeb(Object(Config\Paths))
#13 {main}
CRITICAL - 2025-03-11 15:25:21 --> CodeIgniter\Database\Exceptions\DatabaseException: Illegal parameter data types int and row for operation '='
[Method: GET, Route: admin/orders]
in SYSTEMPATH\Database\BaseConnection.php on line 692.
 1 SYSTEMPATH\Database\BaseBuilder.php(1649): CodeIgniter\Database\BaseConnection->query('SELECT *
FROM `order_items`
WHERE `order_id` = :order_id:
AND `created_at` = :created_at:', [...], false)
 2 SYSTEMPATH\Model.php(286): CodeIgniter\Database\BaseBuilder->get()
 3 SYSTEMPATH\BaseModel.php(675): CodeIgniter\Model->doFindAll(0, 0)
 4 APPPATH\Controllers\Admin.php(60): CodeIgniter\BaseModel->findAll()
 5 SYSTEMPATH\CodeIgniter.php(933): App\Controllers\Admin->getOrders()
 6 SYSTEMPATH\CodeIgniter.php(507): CodeIgniter\CodeIgniter->runController(Object(App\Controllers\Admin))
 7 SYSTEMPATH\CodeIgniter.php(354): CodeIgniter\CodeIgniter->handleRequest(null, Object(Config\Cache), false)
 8 SYSTEMPATH\Boot.php(334): CodeIgniter\CodeIgniter->run()
 9 SYSTEMPATH\Boot.php(67): CodeIgniter\Boot::runCodeIgniter(Object(CodeIgniter\CodeIgniter))
10 FCPATH\index.php(56): CodeIgniter\Boot::bootWeb(Object(Config\Paths))
CRITICAL - 2025-03-11 15:25:21 --> [Caused by] CodeIgniter\Database\Exceptions\DatabaseException: Illegal parameter data types int and row for operation '='
in SYSTEMPATH\Database\MySQLi\Connection.php on line 332.
 1 SYSTEMPATH\Database\BaseConnection.php(738): CodeIgniter\Database\MySQLi\Connection->execute('SELECT *
FROM `order_items`
WHERE `order_id` = (\'1\',\'Jimuel Gaas\',\'89.00\',\'pending\',\'2025-03-09 22:30:24\',\'0000-00-00 00:00:00\')
AND `created_at` = \'2025-03-03\'')
 2 SYSTEMPATH\Database\BaseConnection.php(652): CodeIgniter\Database\BaseConnection->simpleQuery('SELECT *
FROM `order_items`
WHERE `order_id` = (\'1\',\'Jimuel Gaas\',\'89.00\',\'pending\',\'2025-03-09 22:30:24\',\'0000-00-00 00:00:00\')
AND `created_at` = \'2025-03-03\'')
 3 SYSTEMPATH\Database\BaseBuilder.php(1649): CodeIgniter\Database\BaseConnection->query('SELECT *
FROM `order_items`
WHERE `order_id` = :order_id:
AND `created_at` = :created_at:', [...], false)
 4 SYSTEMPATH\Model.php(286): CodeIgniter\Database\BaseBuilder->get()
 5 SYSTEMPATH\BaseModel.php(675): CodeIgniter\Model->doFindAll(0, 0)
 6 APPPATH\Controllers\Admin.php(60): CodeIgniter\BaseModel->findAll()
 7 SYSTEMPATH\CodeIgniter.php(933): App\Controllers\Admin->getOrders()
 8 SYSTEMPATH\CodeIgniter.php(507): CodeIgniter\CodeIgniter->runController(Object(App\Controllers\Admin))
 9 SYSTEMPATH\CodeIgniter.php(354): CodeIgniter\CodeIgniter->handleRequest(null, Object(Config\Cache), false)
10 SYSTEMPATH\Boot.php(334): CodeIgniter\CodeIgniter->run()
11 SYSTEMPATH\Boot.php(67): CodeIgniter\Boot::runCodeIgniter(Object(CodeIgniter\CodeIgniter))
12 FCPATH\index.php(56): CodeIgniter\Boot::bootWeb(Object(Config\Paths))
CRITICAL - 2025-03-11 15:25:21 --> [Caused by] mysqli_sql_exception: Illegal parameter data types int and row for operation '='
in SYSTEMPATH\Database\MySQLi\Connection.php on line 327.
 1 SYSTEMPATH\Database\MySQLi\Connection.php(327): mysqli->query('SELECT *
FROM `order_items`
WHERE `order_id` = (\'1\',\'Jimuel Gaas\',\'89.00\',\'pending\',\'2025-03-09 22:30:24\',\'0000-00-00 00:00:00\')
AND `created_at` = \'2025-03-03\'', 0)
 2 SYSTEMPATH\Database\BaseConnection.php(738): CodeIgniter\Database\MySQLi\Connection->execute('SELECT *
FROM `order_items`
WHERE `order_id` = (\'1\',\'Jimuel Gaas\',\'89.00\',\'pending\',\'2025-03-09 22:30:24\',\'0000-00-00 00:00:00\')
AND `created_at` = \'2025-03-03\'')
 3 SYSTEMPATH\Database\BaseConnection.php(652): CodeIgniter\Database\BaseConnection->simpleQuery('SELECT *
FROM `order_items`
WHERE `order_id` = (\'1\',\'Jimuel Gaas\',\'89.00\',\'pending\',\'2025-03-09 22:30:24\',\'0000-00-00 00:00:00\')
AND `created_at` = \'2025-03-03\'')
 4 SYSTEMPATH\Database\BaseBuilder.php(1649): CodeIgniter\Database\BaseConnection->query('SELECT *
FROM `order_items`
WHERE `order_id` = :order_id:
AND `created_at` = :created_at:', [...], false)
 5 SYSTEMPATH\Model.php(286): CodeIgniter\Database\BaseBuilder->get()
 6 SYSTEMPATH\BaseModel.php(675): CodeIgniter\Model->doFindAll(0, 0)
 7 APPPATH\Controllers\Admin.php(60): CodeIgniter\BaseModel->findAll()
 8 SYSTEMPATH\CodeIgniter.php(933): App\Controllers\Admin->getOrders()
 9 SYSTEMPATH\CodeIgniter.php(507): CodeIgniter\CodeIgniter->runController(Object(App\Controllers\Admin))
10 SYSTEMPATH\CodeIgniter.php(354): CodeIgniter\CodeIgniter->handleRequest(null, Object(Config\Cache), false)
11 SYSTEMPATH\Boot.php(334): CodeIgniter\CodeIgniter->run()
12 SYSTEMPATH\Boot.php(67): CodeIgniter\Boot::runCodeIgniter(Object(CodeIgniter\CodeIgniter))
13 FCPATH\index.php(56): CodeIgniter\Boot::bootWeb(Object(Config\Paths))
CRITICAL - 2025-03-11 15:25:33 --> ErrorException: Undefined array key "oId"
[Method: GET, Route: admin/orders]
in APPPATH\Controllers\Admin.php on line 59.
 1 APPPATH\Controllers\Admin.php(59): CodeIgniter\Debug\Exceptions->errorHandler(2, 'Undefined array key "oId"', 'C:\\xampp\\htdocs\\ci4\\app\\Controllers\\Admin.php', 59)
 2 SYSTEMPATH\CodeIgniter.php(933): App\Controllers\Admin->getOrders()
 3 SYSTEMPATH\CodeIgniter.php(507): CodeIgniter\CodeIgniter->runController(Object(App\Controllers\Admin))
 4 SYSTEMPATH\CodeIgniter.php(354): CodeIgniter\CodeIgniter->handleRequest(null, Object(Config\Cache), false)
 5 SYSTEMPATH\Boot.php(334): CodeIgniter\CodeIgniter->run()
 6 SYSTEMPATH\Boot.php(67): CodeIgniter\Boot::runCodeIgniter(Object(CodeIgniter\CodeIgniter))
 7 FCPATH\index.php(56): CodeIgniter\Boot::bootWeb(Object(Config\Paths))
CRITICAL - 2025-03-11 15:25:34 --> ErrorException: Undefined array key "oId"
[Method: GET, Route: admin/orders]
in APPPATH\Controllers\Admin.php on line 59.
 1 APPPATH\Controllers\Admin.php(59): CodeIgniter\Debug\Exceptions->errorHandler(2, 'Undefined array key "oId"', 'C:\\xampp\\htdocs\\ci4\\app\\Controllers\\Admin.php', 59)
 2 SYSTEMPATH\CodeIgniter.php(933): App\Controllers\Admin->getOrders()
 3 SYSTEMPATH\CodeIgniter.php(507): CodeIgniter\CodeIgniter->runController(Object(App\Controllers\Admin))
 4 SYSTEMPATH\CodeIgniter.php(354): CodeIgniter\CodeIgniter->handleRequest(null, Object(Config\Cache), false)
 5 SYSTEMPATH\Boot.php(334): CodeIgniter\CodeIgniter->run()
 6 SYSTEMPATH\Boot.php(67): CodeIgniter\Boot::runCodeIgniter(Object(CodeIgniter\CodeIgniter))
 7 FCPATH\index.php(56): CodeIgniter\Boot::bootWeb(Object(Config\Paths))
CRITICAL - 2025-03-11 15:25:51 --> ErrorException: Undefined array key "oId"
[Method: GET, Route: admin/orders]
in APPPATH\Controllers\Admin.php on line 59.
 1 APPPATH\Controllers\Admin.php(59): CodeIgniter\Debug\Exceptions->errorHandler(2, 'Undefined array key "oId"', 'C:\\xampp\\htdocs\\ci4\\app\\Controllers\\Admin.php', 59)
 2 SYSTEMPATH\CodeIgniter.php(933): App\Controllers\Admin->getOrders()
 3 SYSTEMPATH\CodeIgniter.php(507): CodeIgniter\CodeIgniter->runController(Object(App\Controllers\Admin))
 4 SYSTEMPATH\CodeIgniter.php(354): CodeIgniter\CodeIgniter->handleRequest(null, Object(Config\Cache), false)
 5 SYSTEMPATH\Boot.php(334): CodeIgniter\CodeIgniter->run()
 6 SYSTEMPATH\Boot.php(67): CodeIgniter\Boot::runCodeIgniter(Object(CodeIgniter\CodeIgniter))
 7 FCPATH\index.php(56): CodeIgniter\Boot::bootWeb(Object(Config\Paths))
CRITICAL - 2025-03-11 15:27:00 --> ErrorException: Undefined array key "oId"
[Method: GET, Route: admin/orders]
in APPPATH\Controllers\Admin.php on line 59.
 1 APPPATH\Controllers\Admin.php(59): CodeIgniter\Debug\Exceptions->errorHandler(2, 'Undefined array key "oId"', 'C:\\xampp\\htdocs\\ci4\\app\\Controllers\\Admin.php', 59)
 2 SYSTEMPATH\CodeIgniter.php(933): App\Controllers\Admin->getOrders()
 3 SYSTEMPATH\CodeIgniter.php(507): CodeIgniter\CodeIgniter->runController(Object(App\Controllers\Admin))
 4 SYSTEMPATH\CodeIgniter.php(354): CodeIgniter\CodeIgniter->handleRequest(null, Object(Config\Cache), false)
 5 SYSTEMPATH\Boot.php(334): CodeIgniter\CodeIgniter->run()
 6 SYSTEMPATH\Boot.php(67): CodeIgniter\Boot::runCodeIgniter(Object(CodeIgniter\CodeIgniter))
 7 FCPATH\index.php(56): CodeIgniter\Boot::bootWeb(Object(Config\Paths))
CRITICAL - 2025-03-11 15:27:52 --> ErrorException: Undefined variable $item_count
[Method: GET, Route: admin/orders]
in APPPATH\Views\admin\orders.php on line 46.
 1 APPPATH\Views\admin\orders.php(46): CodeIgniter\Debug\Exceptions->errorHandler(2, 'Undefined variable $item_count', 'C:\\xampp\\htdocs\\ci4\\app\\Views\\admin\\orders.php', 46)
 2 SYSTEMPATH\View\View.php(224): include('C:\\xampp\\htdocs\\ci4\\app\\Views\\admin\\orders.php')
 3 SYSTEMPATH\View\View.php(227): CodeIgniter\View\View->CodeIgniter\View\{closure}()
 4 SYSTEMPATH\Common.php(1173): CodeIgniter\View\View->render('/admin/orders', [], true)
 5 APPPATH\Controllers\Admin.php(60): view('/admin/orders', [...])
 6 SYSTEMPATH\CodeIgniter.php(933): App\Controllers\Admin->getOrders()
 7 SYSTEMPATH\CodeIgniter.php(507): CodeIgniter\CodeIgniter->runController(Object(App\Controllers\Admin))
 8 SYSTEMPATH\CodeIgniter.php(354): CodeIgniter\CodeIgniter->handleRequest(null, Object(Config\Cache), false)
 9 SYSTEMPATH\Boot.php(334): CodeIgniter\CodeIgniter->run()
10 SYSTEMPATH\Boot.php(67): CodeIgniter\Boot::runCodeIgniter(Object(CodeIgniter\CodeIgniter))
11 FCPATH\index.php(56): CodeIgniter\Boot::bootWeb(Object(Config\Paths))
