CRITICAL - 2025-02-28 15:21:17 --> ErrorException: Undefined array key "customer_name"
[Method: GET, Route: cart]
in APPPATH\Views\cart.php on line 8.
 1 APPPATH\Views\cart.php(8): CodeIgniter\Debug\Exceptions->errorHandler(2, 'Undefined array key "customer_name"', 'C:\\xampp\\htdocs\\ci4\\app\\Views\\cart.php', 8)
 2 SYSTEMPATH\View\View.php(224): include('C:\\xampp\\htdocs\\ci4\\app\\Views\\cart.php')
 3 SYSTEMPATH\View\View.php(227): CodeIgniter\View\View->CodeIgniter\View\{closure}()
 4 SYSTEMPATH\Common.php(1173): CodeIgniter\View\View->render('cart', [], true)
 5 APPPATH\Controllers\Menu.php(54): view('cart', [...])
 6 SYSTEMPATH\CodeIgniter.php(933): App\Controllers\Menu->cart()
 7 SYSTEMPATH\CodeIgniter.php(507): CodeIgniter\CodeIgniter->runController(Object(App\Controllers\Menu))
 8 SYSTEMPATH\CodeIgniter.php(354): CodeIgniter\CodeIgniter->handleRequest(null, Object(Config\Cache), false)
 9 SYSTEMPATH\Boot.php(334): CodeIgniter\CodeIgniter->run()
10 SYSTEMPATH\Boot.php(67): CodeIgniter\Boot::runCodeIgniter(Object(CodeIgniter\CodeIgniter))
11 FCPATH\index.php(56): CodeIgniter\Boot::bootWeb(Object(Config\Paths))
12 SYSTEMPATH\rewrite.php(44): require_once('C:\\xampp\\htdocs\\ci4\\public\\index.php')
CRITICAL - 2025-02-28 15:26:14 --> ErrorException: Undefined array key "customer_name"
[Method: GET, Route: cart]
in APPPATH\Views\cart.php on line 8.
 1 APPPATH\Views\cart.php(8): CodeIgniter\Debug\Exceptions->errorHandler(2, 'Undefined array key "customer_name"', 'C:\\xampp\\htdocs\\ci4\\app\\Views\\cart.php', 8)
 2 SYSTEMPATH\View\View.php(224): include('C:\\xampp\\htdocs\\ci4\\app\\Views\\cart.php')
 3 SYSTEMPATH\View\View.php(227): CodeIgniter\View\View->CodeIgniter\View\{closure}()
 4 SYSTEMPATH\Common.php(1173): CodeIgniter\View\View->render('cart', [], true)
 5 APPPATH\Controllers\Menu.php(54): view('cart', [...])
 6 SYSTEMPATH\CodeIgniter.php(933): App\Controllers\Menu->cart()
 7 SYSTEMPATH\CodeIgniter.php(507): CodeIgniter\CodeIgniter->runController(Object(App\Controllers\Menu))
 8 SYSTEMPATH\CodeIgniter.php(354): CodeIgniter\CodeIgniter->handleRequest(null, Object(Config\Cache), false)
 9 SYSTEMPATH\Boot.php(334): CodeIgniter\CodeIgniter->run()
10 SYSTEMPATH\Boot.php(67): CodeIgniter\Boot::runCodeIgniter(Object(CodeIgniter\CodeIgniter))
11 FCPATH\index.php(56): CodeIgniter\Boot::bootWeb(Object(Config\Paths))
12 SYSTEMPATH\rewrite.php(44): require_once('C:\\xampp\\htdocs\\ci4\\public\\index.php')
CRITICAL - 2025-02-28 15:27:03 --> ErrorException: Undefined variable $c
[Method: GET, Route: cart]
in APPPATH\Views\cart.php on line 8.
 1 APPPATH\Views\cart.php(8): CodeIgniter\Debug\Exceptions->errorHandler(2, 'Undefined variable $c', 'C:\\xampp\\htdocs\\ci4\\app\\Views\\cart.php', 8)
 2 SYSTEMPATH\View\View.php(224): include('C:\\xampp\\htdocs\\ci4\\app\\Views\\cart.php')
 3 SYSTEMPATH\View\View.php(227): CodeIgniter\View\View->CodeIgniter\View\{closure}()
 4 SYSTEMPATH\Common.php(1173): CodeIgniter\View\View->render('cart', [], true)
 5 APPPATH\Controllers\Menu.php(54): view('cart', [...])
 6 SYSTEMPATH\CodeIgniter.php(933): App\Controllers\Menu->cart()
 7 SYSTEMPATH\CodeIgniter.php(507): CodeIgniter\CodeIgniter->runController(Object(App\Controllers\Menu))
 8 SYSTEMPATH\CodeIgniter.php(354): CodeIgniter\CodeIgniter->handleRequest(null, Object(Config\Cache), false)
 9 SYSTEMPATH\Boot.php(334): CodeIgniter\CodeIgniter->run()
10 SYSTEMPATH\Boot.php(67): CodeIgniter\Boot::runCodeIgniter(Object(CodeIgniter\CodeIgniter))
11 FCPATH\index.php(56): CodeIgniter\Boot::bootWeb(Object(Config\Paths))
12 SYSTEMPATH\rewrite.php(44): require_once('C:\\xampp\\htdocs\\ci4\\public\\index.php')
CRITICAL - 2025-02-28 15:27:10 --> ErrorException: Undefined array key "customer_name"
[Method: GET, Route: cart]
in APPPATH\Views\cart.php on line 8.
 1 APPPATH\Views\cart.php(8): CodeIgniter\Debug\Exceptions->errorHandler(2, 'Undefined array key "customer_name"', 'C:\\xampp\\htdocs\\ci4\\app\\Views\\cart.php', 8)
 2 SYSTEMPATH\View\View.php(224): include('C:\\xampp\\htdocs\\ci4\\app\\Views\\cart.php')
 3 SYSTEMPATH\View\View.php(227): CodeIgniter\View\View->CodeIgniter\View\{closure}()
 4 SYSTEMPATH\Common.php(1173): CodeIgniter\View\View->render('cart', [], true)
 5 APPPATH\Controllers\Menu.php(54): view('cart', [...])
 6 SYSTEMPATH\CodeIgniter.php(933): App\Controllers\Menu->cart()
 7 SYSTEMPATH\CodeIgniter.php(507): CodeIgniter\CodeIgniter->runController(Object(App\Controllers\Menu))
 8 SYSTEMPATH\CodeIgniter.php(354): CodeIgniter\CodeIgniter->handleRequest(null, Object(Config\Cache), false)
 9 SYSTEMPATH\Boot.php(334): CodeIgniter\CodeIgniter->run()
10 SYSTEMPATH\Boot.php(67): CodeIgniter\Boot::runCodeIgniter(Object(CodeIgniter\CodeIgniter))
11 FCPATH\index.php(56): CodeIgniter\Boot::bootWeb(Object(Config\Paths))
12 SYSTEMPATH\rewrite.php(44): require_once('C:\\xampp\\htdocs\\ci4\\public\\index.php')
CRITICAL - 2025-02-28 15:28:23 --> ErrorException: Undefined array key "customer_name"
[Method: GET, Route: cart]
in APPPATH\Views\cart.php on line 8.
 1 APPPATH\Views\cart.php(8): CodeIgniter\Debug\Exceptions->errorHandler(2, 'Undefined array key "customer_name"', 'C:\\xampp\\htdocs\\ci4\\app\\Views\\cart.php', 8)
 2 SYSTEMPATH\View\View.php(224): include('C:\\xampp\\htdocs\\ci4\\app\\Views\\cart.php')
 3 SYSTEMPATH\View\View.php(227): CodeIgniter\View\View->CodeIgniter\View\{closure}()
 4 SYSTEMPATH\Common.php(1173): CodeIgniter\View\View->render('cart', [], true)
 5 APPPATH\Controllers\Menu.php(56): view('cart', [...])
 6 SYSTEMPATH\CodeIgniter.php(933): App\Controllers\Menu->cart()
 7 SYSTEMPATH\CodeIgniter.php(507): CodeIgniter\CodeIgniter->runController(Object(App\Controllers\Menu))
 8 SYSTEMPATH\CodeIgniter.php(354): CodeIgniter\CodeIgniter->handleRequest(null, Object(Config\Cache), false)
 9 SYSTEMPATH\Boot.php(334): CodeIgniter\CodeIgniter->run()
10 SYSTEMPATH\Boot.php(67): CodeIgniter\Boot::runCodeIgniter(Object(CodeIgniter\CodeIgniter))
11 FCPATH\index.php(56): CodeIgniter\Boot::bootWeb(Object(Config\Paths))
12 SYSTEMPATH\rewrite.php(44): require_once('C:\\xampp\\htdocs\\ci4\\public\\index.php')
CRITICAL - 2025-02-28 15:30:33 --> ErrorException: Undefined array key "price"
[Method: GET, Route: cart]
in APPPATH\Views\cart.php on line 18.
 1 APPPATH\Views\cart.php(18): CodeIgniter\Debug\Exceptions->errorHandler(2, 'Undefined array key "price"', 'C:\\xampp\\htdocs\\ci4\\app\\Views\\cart.php', 18)
 2 SYSTEMPATH\View\View.php(224): include('C:\\xampp\\htdocs\\ci4\\app\\Views\\cart.php')
 3 SYSTEMPATH\View\View.php(227): CodeIgniter\View\View->CodeIgniter\View\{closure}()
 4 SYSTEMPATH\Common.php(1173): CodeIgniter\View\View->render('cart', [], true)
 5 APPPATH\Controllers\Menu.php(56): view('cart', [...])
 6 SYSTEMPATH\CodeIgniter.php(933): App\Controllers\Menu->cart()
 7 SYSTEMPATH\CodeIgniter.php(507): CodeIgniter\CodeIgniter->runController(Object(App\Controllers\Menu))
 8 SYSTEMPATH\CodeIgniter.php(354): CodeIgniter\CodeIgniter->handleRequest(null, Object(Config\Cache), false)
 9 SYSTEMPATH\Boot.php(334): CodeIgniter\CodeIgniter->run()
10 SYSTEMPATH\Boot.php(67): CodeIgniter\Boot::runCodeIgniter(Object(CodeIgniter\CodeIgniter))
11 FCPATH\index.php(56): CodeIgniter\Boot::bootWeb(Object(Config\Paths))
12 SYSTEMPATH\rewrite.php(44): require_once('C:\\xampp\\htdocs\\ci4\\public\\index.php')
CRITICAL - 2025-02-28 16:13:11 --> ErrorException: date_default_timezone_set(): Timezone ID 'Asia/Beijing' is invalid
[Method: GET, Route: cart]
in APPPATH\Controllers\Menu.php on line 43.
 1 [internal function]: CodeIgniter\Debug\Exceptions->errorHandler(8, 'date_default_timezone_set(): Timezone ID \'Asia/Beijing\' is invalid', 'C:\\xampp\\htdocs\\ci4\\app\\Controllers\\Menu.php', 43)
 2 APPPATH\Controllers\Menu.php(43): date_default_timezone_set('Asia/Beijing')
 3 SYSTEMPATH\CodeIgniter.php(933): App\Controllers\Menu->cart()
 4 SYSTEMPATH\CodeIgniter.php(507): CodeIgniter\CodeIgniter->runController(Object(App\Controllers\Menu))
 5 SYSTEMPATH\CodeIgniter.php(354): CodeIgniter\CodeIgniter->handleRequest(null, Object(Config\Cache), false)
 6 SYSTEMPATH\Boot.php(334): CodeIgniter\CodeIgniter->run()
 7 SYSTEMPATH\Boot.php(67): CodeIgniter\Boot::runCodeIgniter(Object(CodeIgniter\CodeIgniter))
 8 FCPATH\index.php(56): CodeIgniter\Boot::bootWeb(Object(Config\Paths))
 9 SYSTEMPATH\rewrite.php(44): require_once('C:\\xampp\\htdocs\\ci4\\public\\index.php')
